----------------------------------------------------------------------------
Theora Converter .NET
4 сентября 2022 г. 23:04:54

ffmpeg2theora options: 
-p pro --nometadata
Output Folder: F:\code\HorrorScente\exe\assets\levels\menu\rm_intro
Converting: 'Tormentum II - Teaser.mp4', (10.9 MB)
Completed:  'Tormentum II - Teaser.ogg', (10.9 MB) in .5 minutes.
Finished processing all files at 04.09.2022 23:05
----------------------------------------------------------------------------
Theora Converter .NET
4 сентября 2022 г. 23:07:32

ffmpeg2theora options: 
-p preview --nometadata
Output Folder: F:\code\HorrorScente\exe\assets\levels\menu\rm_intro
Converting: 'Tormentum II - Teaser.mp4', (10.9 MB)
Completed:  'Tormentum II - Teaser.ogg', (1.8 MB) in .2 minutes.
Finished processing all files at 04.09.2022 23:07
----------------------------------------------------------------------------
Theora Converter .NET
4 сентября 2022 г. 23:07:59

ffmpeg2theora options: 
 --videoquality 6 --optimize  --width 1366 --height 768 --aspect 16:9 --framerate 24 --pp default --audiobitrate 128 --noaudio --nometadata
Output Folder: F:\code\HorrorScente\exe\assets\levels\menu\rm_intro
Converting: 'Tormentum II - Teaser.mp4', (10.9 MB)
Completed:  'Tormentum II - Teaser.ogg', (14.2 MB) in 1.1 minutes.
Finished processing all files at 04.09.2022 23:09
